[08-28 15:53:44,258, 660] ru.chentsov.javacore3.App ВАЖНОЕ ОБЪЯВЛЕНИЕ >>> Подготовка!!!
[08-28 15:53:44,264, 666] ru.chentsov.javacore3.Car Участник #1 готовится
[08-28 15:53:44,264, 666] ru.chentsov.javacore3.Car Участник #3 готовится
[08-28 15:53:44,264, 666] ru.chentsov.javacore3.Car Участник #4 готовится
[08-28 15:53:44,265, 667] ru.chentsov.javacore3.Car Участник #2 готовится
[08-28 15:53:45,006, 1408] ru.chentsov.javacore3.Car Участник #2 готов
[08-28 15:53:45,016, 1418] ru.chentsov.javacore3.Car Участник #1 готов
[08-28 15:53:45,138, 1540] ru.chentsov.javacore3.Car Участник #3 готов
[08-28 15:53:45,507, 1909] ru.chentsov.javacore3.Car Участник #4 готов
[08-28 15:53:45,507, 1909] ru.chentsov.javacore3.App ВАЖНОЕ ОБЪЯВЛЕНИЕ >>> Гонка началась!!!
[08-28 15:53:45,528, 1930] ru.chentsov.javacore3.stage.Stage Участник #2 начал этап: Дорога 60 метров
[08-28 15:53:45,528, 1930] ru.chentsov.javacore3.stage.Stage Участник #1 начал этап: Дорога 60 метров
[08-28 15:53:45,528, 1930] ru.chentsov.javacore3.stage.Stage Участник #3 начал этап: Дорога 60 метров
[08-28 15:53:45,528, 1930] ru.chentsov.javacore3.stage.Stage Участник #4 начал этап: Дорога 60 метров
[08-28 15:53:47,528, 3930] ru.chentsov.javacore3.stage.Stage Участник #1 закончил этап: Дорога 60 метров
[08-28 15:53:47,528, 3930] ru.chentsov.javacore3.stage.Stage Участник #4 закончил этап: Дорога 60 метров
[08-28 15:53:47,528, 3930] ru.chentsov.javacore3.stage.Stage Участник #1 готовится к этапу (ждет): Тоннель 80 метров
[08-28 15:53:47,528, 3930] ru.chentsov.javacore3.stage.Stage Участник #1 начал этап: Тоннель 80 метров
[08-28 15:53:47,528, 3930] ru.chentsov.javacore3.stage.Stage Участник #4 готовится к этапу (ждет): Тоннель 80 метров
[08-28 15:53:47,528, 3930] ru.chentsov.javacore3.stage.Stage Участник #4 начал этап: Тоннель 80 метров
[08-28 15:53:47,528, 3930] ru.chentsov.javacore3.stage.Stage Участник #3 закончил этап: Дорога 60 метров
[08-28 15:53:47,528, 3930] ru.chentsov.javacore3.stage.Stage Участник #2 закончил этап: Дорога 60 метров
[08-28 15:53:47,528, 3930] ru.chentsov.javacore3.stage.Stage Участник #3 готовится к этапу (ждет): Тоннель 80 метров
[08-28 15:53:47,529, 3931] ru.chentsov.javacore3.stage.Stage Участник #2 готовится к этапу (ждет): Тоннель 80 метров
[08-28 15:53:49,529, 5931] ru.chentsov.javacore3.stage.Stage Участник #1 закончил этап: Тоннель 80 метров
[08-28 15:53:49,529, 5931] ru.chentsov.javacore3.stage.Stage Участник #3 начал этап: Тоннель 80 метров
[08-28 15:53:49,529, 5931] ru.chentsov.javacore3.stage.Stage Участник #1 начал этап: Дорога 40 метров
[08-28 15:53:50,529, 6931] ru.chentsov.javacore3.stage.Stage Участник #4 закончил этап: Тоннель 80 метров
[08-28 15:53:50,529, 6931] ru.chentsov.javacore3.stage.Stage Участник #2 начал этап: Тоннель 80 метров
[08-28 15:53:50,529, 6931] ru.chentsov.javacore3.stage.Stage Участник #4 начал этап: Дорога 40 метров
[08-28 15:53:50,530, 6932] ru.chentsov.javacore3.stage.Stage Участник #1 закончил этап: Дорога 40 метров
[08-28 15:53:50,530, 6932] ru.chentsov.javacore3.Car Участник #1 - WIN
[08-28 15:53:51,530, 7932] ru.chentsov.javacore3.stage.Stage Участник #4 закончил этап: Дорога 40 метров
[08-28 15:53:51,530, 7932] ru.chentsov.javacore3.stage.Stage Участник #3 закончил этап: Тоннель 80 метров
[08-28 15:53:51,531, 7933] ru.chentsov.javacore3.stage.Stage Участник #3 начал этап: Дорога 40 метров
[08-28 15:53:52,532, 8934] ru.chentsov.javacore3.stage.Stage Участник #3 закончил этап: Дорога 40 метров
[08-28 15:53:53,530, 9932] ru.chentsov.javacore3.stage.Stage Участник #2 закончил этап: Тоннель 80 метров
[08-28 15:53:53,530, 9932] ru.chentsov.javacore3.stage.Stage Участник #2 начал этап: Дорога 40 метров
[08-28 15:53:54,530, 10932] ru.chentsov.javacore3.stage.Stage Участник #2 закончил этап: Дорога 40 метров
[08-28 15:53:54,530, 10932] ru.chentsov.javacore3.App ВАЖНОЕ ОБЪЯВЛЕНИЕ >>> Гонка закончилась!!!
